-------------------------------------------------------------------------------
Test set: sg.gov.hpb.cprms.iquit.TestRunner
-------------------------------------------------------------------------------
Tests run: 45, Failures: 0, Errors: 14, Skipped: 0, Time elapsed: 29.42 sec <<< FAILURE!
Then status 501(Scenario: Test 2 - Create Particpant Fail)  Time elapsed: 0.015 sec  <<< ERROR!
com.intuit.karate.exception.KarateException: status code was: 200, expected: 501, response time: 428, url: https://internet-cprms-uat.hpb.gov.sg:5556/IQuitParticipantService/ParticipantService.svc, response: <s:Envelope xmlns:s="http://schemas.xmlsoap.org/soap/envelope/"><s:Body><CreateParticipantResponse xmlns="http://tempuri.org/"><CreateParticipantResult xmlns:a="http://schemas.datacontract.org/2004/07/IQuitParticipantService" xmlns:i="http://www.w3.org/2001/XMLSchema-instance"><a:ReferenceId/><a:StatusCode>501</a:StatusCode><a:StatusMessage>Validation Error. Mandatory fields not provided.</a:StatusMessage></CreateParticipantResult></CreateParticipantResponse></s:Body></s:Envelope>
	at com.intuit.karate.StepDefs.status(StepDefs.java:491)
	at ?.Then status 501(C:\Users\Jeffrey\Documents\GitHub\cprmsiquit\target\test-classes\sg\gov\hpb\cprms\iquit\users.feature:65)

Scenario: Test 2 - Create Particpant Fail  Time elapsed: 0.02 sec  <<< ERROR!
com.intuit.karate.exception.KarateException: status code was: 200, expected: 501, response time: 428, url: https://internet-cprms-uat.hpb.gov.sg:5556/IQuitParticipantService/ParticipantService.svc, response: <s:Envelope xmlns:s="http://schemas.xmlsoap.org/soap/envelope/"><s:Body><CreateParticipantResponse xmlns="http://tempuri.org/"><CreateParticipantResult xmlns:a="http://schemas.datacontract.org/2004/07/IQuitParticipantService" xmlns:i="http://www.w3.org/2001/XMLSchema-instance"><a:ReferenceId/><a:StatusCode>501</a:StatusCode><a:StatusMessage>Validation Error. Mandatory fields not provided.</a:StatusMessage></CreateParticipantResult></CreateParticipantResponse></s:Body></s:Envelope>
	at com.intuit.karate.StepDefs.status(StepDefs.java:491)
	at ?.Then status 501(C:\Users\Jeffrey\Documents\GitHub\cprmsiquit\target\test-classes\sg\gov\hpb\cprms\iquit\users.feature:65)

Then status 200(Scenario: Test 3 - Update Particpant Pass)  Time elapsed: 0.013 sec  <<< ERROR!
com.intuit.karate.exception.KarateException: status code was: 500, expected: 200, response time: 208, url: https://internet-cprms-uat.hpb.gov.sg:5556/IQuitParticipantService/ParticipantService.svc, response: <s:Envelope xmlns:s="http://schemas.xmlsoap.org/soap/envelope/"><s:Body><s:Fault><faultcode xmlns:a="http://schemas.microsoft.com/net/2005/12/windowscommunicationfoundation/dispatcher">a:InternalServiceFault</faultcode><faultstring xml:lang="en-US">The server was unable to process the request due to an internal error.  For more information about the error, either turn on IncludeExceptionDetailInFaults (either from ServiceBehaviorAttribute or from the &lt;serviceDebug&gt; configuration behavior) on the server in order to send the exception information back to the client, or turn on tracing as per the Microsoft .NET Framework SDK documentation and inspect the server trace logs.</faultstring></s:Fault></s:Body></s:Envelope>
	at com.intuit.karate.StepDefs.status(StepDefs.java:491)
	at ?.Then status 200(C:\Users\Jeffrey\Documents\GitHub\cprmsiquit\target\test-classes\sg\gov\hpb\cprms\iquit\users.feature:96)

Scenario: Test 3 - Update Particpant Pass  Time elapsed: 0.015 sec  <<< ERROR!
com.intuit.karate.exception.KarateException: status code was: 500, expected: 200, response time: 208, url: https://internet-cprms-uat.hpb.gov.sg:5556/IQuitParticipantService/ParticipantService.svc, response: <s:Envelope xmlns:s="http://schemas.xmlsoap.org/soap/envelope/"><s:Body><s:Fault><faultcode xmlns:a="http://schemas.microsoft.com/net/2005/12/windowscommunicationfoundation/dispatcher">a:InternalServiceFault</faultcode><faultstring xml:lang="en-US">The server was unable to process the request due to an internal error.  For more information about the error, either turn on IncludeExceptionDetailInFaults (either from ServiceBehaviorAttribute or from the &lt;serviceDebug&gt; configuration behavior) on the server in order to send the exception information back to the client, or turn on tracing as per the Microsoft .NET Framework SDK documentation and inspect the server trace logs.</faultstring></s:Fault></s:Body></s:Envelope>
	at com.intuit.karate.StepDefs.status(StepDefs.java:491)
	at ?.Then status 200(C:\Users\Jeffrey\Documents\GitHub\cprmsiquit\target\test-classes\sg\gov\hpb\cprms\iquit\users.feature:96)

Then status 501(Scenario: Test 4 - Update Particpant Fail)  Time elapsed: 0.005 sec  <<< ERROR!
com.intuit.karate.exception.KarateException: status code was: 500, expected: 501, response time: 186, url: https://internet-cprms-uat.hpb.gov.sg:5556/IQuitParticipantService/ParticipantService.svc, response: <s:Envelope xmlns:s="http://schemas.xmlsoap.org/soap/envelope/"><s:Body><s:Fault><faultcode xmlns:a="http://schemas.microsoft.com/net/2005/12/windowscommunicationfoundation/dispatcher">a:InternalServiceFault</faultcode><faultstring xml:lang="en-US">The server was unable to process the request due to an internal error.  For more information about the error, either turn on IncludeExceptionDetailInFaults (either from ServiceBehaviorAttribute or from the &lt;serviceDebug&gt; configuration behavior) on the server in order to send the exception information back to the client, or turn on tracing as per the Microsoft .NET Framework SDK documentation and inspect the server trace logs.</faultstring></s:Fault></s:Body></s:Envelope>
	at com.intuit.karate.StepDefs.status(StepDefs.java:491)
	at ?.Then status 501(C:\Users\Jeffrey\Documents\GitHub\cprmsiquit\target\test-classes\sg\gov\hpb\cprms\iquit\users.feature:127)

Scenario: Test 4 - Update Particpant Fail  Time elapsed: 0.008 sec  <<< ERROR!
com.intuit.karate.exception.KarateException: status code was: 500, expected: 501, response time: 186, url: https://internet-cprms-uat.hpb.gov.sg:5556/IQuitParticipantService/ParticipantService.svc, response: <s:Envelope xmlns:s="http://schemas.xmlsoap.org/soap/envelope/"><s:Body><s:Fault><faultcode xmlns:a="http://schemas.microsoft.com/net/2005/12/windowscommunicationfoundation/dispatcher">a:InternalServiceFault</faultcode><faultstring xml:lang="en-US">The server was unable to process the request due to an internal error.  For more information about the error, either turn on IncludeExceptionDetailInFaults (either from ServiceBehaviorAttribute or from the &lt;serviceDebug&gt; configuration behavior) on the server in order to send the exception information back to the client, or turn on tracing as per the Microsoft .NET Framework SDK documentation and inspect the server trace logs.</faultstring></s:Fault></s:Body></s:Envelope>
	at com.intuit.karate.StepDefs.status(StepDefs.java:491)
	at ?.Then status 501(C:\Users\Jeffrey\Documents\GitHub\cprmsiquit\target\test-classes\sg\gov\hpb\cprms\iquit\users.feature:127)

Then status 501(Scenario: Test 6 - Get Particpants No input)  Time elapsed: 0.002 sec  <<< ERROR!
com.intuit.karate.exception.KarateException: status code was: 200, expected: 501, response time: 176, url: https://internet-cprms-uat.hpb.gov.sg:5556/IQuitParticipantService/ParticipantService.svc, response: <s:Envelope xmlns:s="http://schemas.xmlsoap.org/soap/envelope/"><s:Body><GetParticipantsResponse xmlns="http://tempuri.org/"><GetParticipantsResult xmlns:a="http://schemas.datacontract.org/2004/07/IQuitParticipantService" xmlns:i="http://www.w3.org/2001/XMLSchema-instance"><a:StatusCode>502</a:StatusCode><a:StatusMessage> Invalid referenceIds:;</a:StatusMessage><a:lstParticipantData i:nil="true"/></GetParticipantsResult></GetParticipantsResponse></s:Body></s:Envelope>
	at com.intuit.karate.StepDefs.status(StepDefs.java:491)
	at ?.Then status 501(C:\Users\Jeffrey\Documents\GitHub\cprmsiquit\target\test-classes\sg\gov\hpb\cprms\iquit\users.feature:167)

Scenario: Test 6 - Get Particpants No input  Time elapsed: 0.004 sec  <<< ERROR!
com.intuit.karate.exception.KarateException: status code was: 200, expected: 501, response time: 176, url: https://internet-cprms-uat.hpb.gov.sg:5556/IQuitParticipantService/ParticipantService.svc, response: <s:Envelope xmlns:s="http://schemas.xmlsoap.org/soap/envelope/"><s:Body><GetParticipantsResponse xmlns="http://tempuri.org/"><GetParticipantsResult xmlns:a="http://schemas.datacontract.org/2004/07/IQuitParticipantService" xmlns:i="http://www.w3.org/2001/XMLSchema-instance"><a:StatusCode>502</a:StatusCode><a:StatusMessage> Invalid referenceIds:;</a:StatusMessage><a:lstParticipantData i:nil="true"/></GetParticipantsResult></GetParticipantsResponse></s:Body></s:Envelope>
	at com.intuit.karate.StepDefs.status(StepDefs.java:491)
	at ?.Then status 501(C:\Users\Jeffrey\Documents\GitHub\cprmsiquit\target\test-classes\sg\gov\hpb\cprms\iquit\users.feature:167)

Then status 502(Scenario: Test 7 - Get Particpants No such participant)  Time elapsed: 0.001 sec  <<< ERROR!
com.intuit.karate.exception.KarateException: status code was: 200, expected: 502, response time: 171, url: https://internet-cprms-uat.hpb.gov.sg:5556/IQuitParticipantService/ParticipantService.svc, response: <s:Envelope xmlns:s="http://schemas.xmlsoap.org/soap/envelope/"><s:Body><GetParticipantsResponse xmlns="http://tempuri.org/"><GetParticipantsResult xmlns:a="http://schemas.datacontract.org/2004/07/IQuitParticipantService" xmlns:i="http://www.w3.org/2001/XMLSchema-instance"><a:StatusCode>502</a:StatusCode><a:StatusMessage>No matching record found.</a:StatusMessage><a:lstParticipantData i:nil="true"/></GetParticipantsResult></GetParticipantsResponse></s:Body></s:Envelope>
	at com.intuit.karate.StepDefs.status(StepDefs.java:491)
	at ?.Then status 502(C:\Users\Jeffrey\Documents\GitHub\cprmsiquit\target\test-classes\sg\gov\hpb\cprms\iquit\users.feature:188)

Scenario: Test 7 - Get Particpants No such participant  Time elapsed: 0.002 sec  <<< ERROR!
com.intuit.karate.exception.KarateException: status code was: 200, expected: 502, response time: 171, url: https://internet-cprms-uat.hpb.gov.sg:5556/IQuitParticipantService/ParticipantService.svc, response: <s:Envelope xmlns:s="http://schemas.xmlsoap.org/soap/envelope/"><s:Body><GetParticipantsResponse xmlns="http://tempuri.org/"><GetParticipantsResult xmlns:a="http://schemas.datacontract.org/2004/07/IQuitParticipantService" xmlns:i="http://www.w3.org/2001/XMLSchema-instance"><a:StatusCode>502</a:StatusCode><a:StatusMessage>No matching record found.</a:StatusMessage><a:lstParticipantData i:nil="true"/></GetParticipantsResult></GetParticipantsResponse></s:Body></s:Envelope>
	at com.intuit.karate.StepDefs.status(StepDefs.java:491)
	at ?.Then status 502(C:\Users\Jeffrey\Documents\GitHub\cprmsiquit\target\test-classes\sg\gov\hpb\cprms\iquit\users.feature:188)

Then status 502(Scenario: Test 8 - Get Particpants valid in valid not in and invalid)  Time elapsed: 0.001 sec  <<< ERROR!
com.intuit.karate.exception.KarateException: status code was: 200, expected: 502, response time: 169, url: https://internet-cprms-uat.hpb.gov.sg:5556/IQuitParticipantService/ParticipantService.svc, response: <s:Envelope xmlns:s="http://schemas.xmlsoap.org/soap/envelope/"><s:Body><GetParticipantsResponse xmlns="http://tempuri.org/"><GetParticipantsResult xmlns:a="http://schemas.datacontract.org/2004/07/IQuitParticipantService" xmlns:i="http://www.w3.org/2001/XMLSchema-instance"><a:StatusCode>502</a:StatusCode><a:StatusMessage> Invalid referenceIds:d9d72c72-3fc0-45f4-9c74-14be8ecea897, d9d72c72-3fc0-9999-9999-14be8ecea897,aaaa;</a:StatusMessage><a:lstParticipantData i:nil="true"/></GetParticipantsResult></GetParticipantsResponse></s:Body></s:Envelope>
	at com.intuit.karate.StepDefs.status(StepDefs.java:491)
	at ?.Then status 502(C:\Users\Jeffrey\Documents\GitHub\cprmsiquit\target\test-classes\sg\gov\hpb\cprms\iquit\users.feature:208)

Scenario: Test 8 - Get Particpants valid in valid not in and invalid  Time elapsed: 0.003 sec  <<< ERROR!
com.intuit.karate.exception.KarateException: status code was: 200, expected: 502, response time: 169, url: https://internet-cprms-uat.hpb.gov.sg:5556/IQuitParticipantService/ParticipantService.svc, response: <s:Envelope xmlns:s="http://schemas.xmlsoap.org/soap/envelope/"><s:Body><GetParticipantsResponse xmlns="http://tempuri.org/"><GetParticipantsResult xmlns:a="http://schemas.datacontract.org/2004/07/IQuitParticipantService" xmlns:i="http://www.w3.org/2001/XMLSchema-instance"><a:StatusCode>502</a:StatusCode><a:StatusMessage> Invalid referenceIds:d9d72c72-3fc0-45f4-9c74-14be8ecea897, d9d72c72-3fc0-9999-9999-14be8ecea897,aaaa;</a:StatusMessage><a:lstParticipantData i:nil="true"/></GetParticipantsResult></GetParticipantsResponse></s:Body></s:Envelope>
	at com.intuit.karate.StepDefs.status(StepDefs.java:491)
	at ?.Then status 502(C:\Users\Jeffrey\Documents\GitHub\cprmsiquit\target\test-classes\sg\gov\hpb\cprms\iquit\users.feature:208)

Then status 201(Scenario: Test 11 - Get Particpants valid in valid not in)  Time elapsed: 0.002 sec  <<< ERROR!
com.intuit.karate.exception.KarateException: status code was: 200, expected: 201, response time: 166, url: https://internet-cprms-uat.hpb.gov.sg:5556/IQuitParticipantService/ParticipantService.svc, response: <s:Envelope xmlns:s="http://schemas.xmlsoap.org/soap/envelope/"><s:Body><GetParticipantsResponse xmlns="http://tempuri.org/"><GetParticipantsResult xmlns:a="http://schemas.datacontract.org/2004/07/IQuitParticipantService" xmlns:i="http://www.w3.org/2001/XMLSchema-instance"><a:StatusCode>502</a:StatusCode><a:StatusMessage> Invalid referenceIds:d9d72c72-3fc0-45f4-9c74-14be8ecea897, d9d72c72-3fc0-9999-9999-14be8ecea897;</a:StatusMessage><a:lstParticipantData i:nil="true"/></GetParticipantsResult></GetParticipantsResponse></s:Body></s:Envelope>
	at com.intuit.karate.StepDefs.status(StepDefs.java:491)
	at ?.Then status 201(C:\Users\Jeffrey\Documents\GitHub\cprmsiquit\target\test-classes\sg\gov\hpb\cprms\iquit\users.feature:229)

Scenario: Test 11 - Get Particpants valid in valid not in  Time elapsed: 0.003 sec  <<< ERROR!
com.intuit.karate.exception.KarateException: status code was: 200, expected: 201, response time: 166, url: https://internet-cprms-uat.hpb.gov.sg:5556/IQuitParticipantService/ParticipantService.svc, response: <s:Envelope xmlns:s="http://schemas.xmlsoap.org/soap/envelope/"><s:Body><GetParticipantsResponse xmlns="http://tempuri.org/"><GetParticipantsResult xmlns:a="http://schemas.datacontract.org/2004/07/IQuitParticipantService" xmlns:i="http://www.w3.org/2001/XMLSchema-instance"><a:StatusCode>502</a:StatusCode><a:StatusMessage> Invalid referenceIds:d9d72c72-3fc0-45f4-9c74-14be8ecea897, d9d72c72-3fc0-9999-9999-14be8ecea897;</a:StatusMessage><a:lstParticipantData i:nil="true"/></GetParticipantsResult></GetParticipantsResponse></s:Body></s:Envelope>
	at com.intuit.karate.StepDefs.status(StepDefs.java:491)
	at ?.Then status 201(C:\Users\Jeffrey\Documents\GitHub\cprmsiquit\target\test-classes\sg\gov\hpb\cprms\iquit\users.feature:229)

