<?xml version="1.0" encoding="UTF-8" ?>
<testsuite tests="45" failures="0" name="sg.gov.hpb.cprms.iquit.TestRunner" time="0.125" errors="14" skipped="0">
  <properties>
[...]
</properties>
  <testcase classname="Scenario: Test 1 - Create Particpant Pass" name="* url &apos;https://internet-cprms-uat.hpb.gov.sg:5556/IQuitParticipantService/ParticipantService.svc&apos;" time="0.018"/>
  <testcase classname="Scenario: Test 1 - Create Particpant Pass" name="Given request" time="0.001"/>
  <testcase classname="Scenario: Test 1 - Create Particpant Pass" name="When soap action &apos;http://tempuri.org/IParticipantService/CreateParticipant&apos;" time="0"/>
  <testcase classname="Scenario: Test 1 - Create Particpant Pass" name="Then status 200" time="0"/>
  <testcase classname="Scenario: Test 1 - Create Particpant Pass" name="Scenario: Test 1 - Create Particpant Pass" time="0.006"/>
  <testcase classname="Scenario: Test 2 - Create Particpant Fail" name="* url &apos;https://internet-cprms-uat.hpb.gov.sg:5556/IQuitParticipantService/ParticipantService.svc&apos;" time="0"/>
  <testcase classname="Scenario: Test 2 - Create Particpant Fail" name="Given request" time="0.001"/>
  <testcase classname="Scenario: Test 2 - Create Particpant Fail" name="When soap action &apos;http://tempuri.org/IParticipantService/CreateParticipant&apos;" time="0.001"/>
  <testcase classname="Scenario: Test 2 - Create Particpant Fail" name="Then status 501" time="0.015">
    <error message="status code was: 200, expected: 501, response time: 428, url: https://internet-cprms-uat.hpb.gov.sg:5556/IQuitParticipantService/ParticipantService.svc, response: &lt;s:Envelope xmlns:s=&quot;http://schemas.xmlsoap.org/soap/envelope/&quot;&gt;&lt;s:Body&gt;&lt;CreateParticipantResponse xmlns=&quot;http://tempuri.org/&quot;&gt;&lt;CreateParticipantResult xmlns:a=&quot;http://schemas.datacontract.org/2004/07/IQuitParticipantService&quot; xmlns:i=&quot;http://www.w3.org/2001/XMLSchema-instance&quot;&gt;&lt;a:ReferenceId/&gt;&lt;a:StatusCode&gt;501&lt;/a:StatusCode&gt;&lt;a:StatusMessage&gt;Validation Error. Mandatory fields not provided.&lt;/a:StatusMessage&gt;&lt;/CreateParticipantResult&gt;&lt;/CreateParticipantResponse&gt;&lt;/s:Body&gt;&lt;/s:Envelope&gt;" type="com.intuit.karate.exception.KarateException">com.intuit.karate.exception.KarateException: status code was: 200, expected: 501, response time: 428, url: https://internet-cprms-uat.hpb.gov.sg:5556/IQuitParticipantService/ParticipantService.svc, response: &lt;s:Envelope xmlns:s=&quot;http://schemas.xmlsoap.org/soap/envelope/&quot;&gt;&lt;s:Body&gt;&lt;CreateParticipantResponse xmlns=&quot;http://tempuri.org/&quot;&gt;&lt;CreateParticipantResult xmlns:a=&quot;http://schemas.datacontract.org/2004/07/IQuitParticipantService&quot; xmlns:i=&quot;http://www.w3.org/2001/XMLSchema-instance&quot;&gt;&lt;a:ReferenceId/&gt;&lt;a:StatusCode&gt;501&lt;/a:StatusCode&gt;&lt;a:StatusMessage&gt;Validation Error. Mandatory fields not provided.&lt;/a:StatusMessage&gt;&lt;/CreateParticipantResult&gt;&lt;/CreateParticipantResponse&gt;&lt;/s:Body&gt;&lt;/s:Envelope&gt;
	at com.intuit.karate.StepDefs.status(StepDefs.java:491)
	at ✽.Then status 501(C:\Users\Jeffrey\Documents\GitHub\cprmsiquit\target\test-classes\sg\gov\hpb\cprms\iquit\users.feature:65)
</error>
    <system-out>13:12:46.631 [main] ERROR com.intuit.karate - status code was: 200, expected: 501, response time: 428, url: https://internet-cprms-uat.hpb.gov.sg:5556/IQuitParticipantService/ParticipantService.svc, response: &lt;s:Envelope xmlns:s=&quot;http://schemas.xmlsoap.org/soap/envelope/&quot;&gt;&lt;s:Body&gt;&lt;CreateParticipantResponse xmlns=&quot;http://tempuri.org/&quot;&gt;&lt;CreateParticipantResult xmlns:a=&quot;http://schemas.datacontract.org/2004/07/IQuitParticipantService&quot; xmlns:i=&quot;http://www.w3.org/2001/XMLSchema-instance&quot;&gt;&lt;a:ReferenceId/&gt;&lt;a:StatusCode&gt;501&lt;/a:StatusCode&gt;&lt;a:StatusMessage&gt;Validation Error. Mandatory fields not provided.&lt;/a:StatusMessage&gt;&lt;/CreateParticipantResult&gt;&lt;/CreateParticipantResponse&gt;&lt;/s:Body&gt;&lt;/s:Envelope&gt;
</system-out>
  </testcase>
  <testcase classname="Scenario: Test 2 - Create Particpant Fail" name="Scenario: Test 2 - Create Particpant Fail" time="0.02">
    <error message="status code was: 200, expected: 501, response time: 428, url: https://internet-cprms-uat.hpb.gov.sg:5556/IQuitParticipantService/ParticipantService.svc, response: &lt;s:Envelope xmlns:s=&quot;http://schemas.xmlsoap.org/soap/envelope/&quot;&gt;&lt;s:Body&gt;&lt;CreateParticipantResponse xmlns=&quot;http://tempuri.org/&quot;&gt;&lt;CreateParticipantResult xmlns:a=&quot;http://schemas.datacontract.org/2004/07/IQuitParticipantService&quot; xmlns:i=&quot;http://www.w3.org/2001/XMLSchema-instance&quot;&gt;&lt;a:ReferenceId/&gt;&lt;a:StatusCode&gt;501&lt;/a:StatusCode&gt;&lt;a:StatusMessage&gt;Validation Error. Mandatory fields not provided.&lt;/a:StatusMessage&gt;&lt;/CreateParticipantResult&gt;&lt;/CreateParticipantResponse&gt;&lt;/s:Body&gt;&lt;/s:Envelope&gt;" type="com.intuit.karate.exception.KarateException">com.intuit.karate.exception.KarateException: status code was: 200, expected: 501, response time: 428, url: https://internet-cprms-uat.hpb.gov.sg:5556/IQuitParticipantService/ParticipantService.svc, response: &lt;s:Envelope xmlns:s=&quot;http://schemas.xmlsoap.org/soap/envelope/&quot;&gt;&lt;s:Body&gt;&lt;CreateParticipantResponse xmlns=&quot;http://tempuri.org/&quot;&gt;&lt;CreateParticipantResult xmlns:a=&quot;http://schemas.datacontract.org/2004/07/IQuitParticipantService&quot; xmlns:i=&quot;http://www.w3.org/2001/XMLSchema-instance&quot;&gt;&lt;a:ReferenceId/&gt;&lt;a:StatusCode&gt;501&lt;/a:StatusCode&gt;&lt;a:StatusMessage&gt;Validation Error. Mandatory fields not provided.&lt;/a:StatusMessage&gt;&lt;/CreateParticipantResult&gt;&lt;/CreateParticipantResponse&gt;&lt;/s:Body&gt;&lt;/s:Envelope&gt;
	at com.intuit.karate.StepDefs.status(StepDefs.java:491)
	at ✽.Then status 501(C:\Users\Jeffrey\Documents\GitHub\cprmsiquit\target\test-classes\sg\gov\hpb\cprms\iquit\users.feature:65)
</error>
  </testcase>
  <testcase classname="Scenario: Test 3 - Update Particpant Pass" name="* url &apos;https://internet-cprms-uat.hpb.gov.sg:5556/IQuitParticipantService/ParticipantService.svc&apos;" time="0"/>
  <testcase classname="Scenario: Test 3 - Update Particpant Pass" name="Given request" time="0"/>
  <testcase classname="Scenario: Test 3 - Update Particpant Pass" name="When soap action &apos;http://tempuri.org/IParticipantService/GetParticipants&apos;" time="0.001"/>
  <testcase classname="Scenario: Test 3 - Update Particpant Pass" name="Then status 200" time="0.013">
    <error message="status code was: 500, expected: 200, response time: 208, url: https://internet-cprms-uat.hpb.gov.sg:5556/IQuitParticipantService/ParticipantService.svc, response: &lt;s:Envelope xmlns:s=&quot;http://schemas.xmlsoap.org/soap/envelope/&quot;&gt;&lt;s:Body&gt;&lt;s:Fault&gt;&lt;faultcode xmlns:a=&quot;http://schemas.microsoft.com/net/2005/12/windowscommunicationfoundation/dispatcher&quot;&gt;a:InternalServiceFault&lt;/faultcode&gt;&lt;faultstring xml:lang=&quot;en-US&quot;&gt;The server was unable to process the request due to an internal error.  For more information about the error, either turn on IncludeExceptionDetailInFaults (either from ServiceBehaviorAttribute or from the &amp;lt;serviceDebug&amp;gt; configuration behavior) on the server in order to send the exception information back to the client, or turn on tracing as per the Microsoft .NET Framework SDK documentation and inspect the server trace logs.&lt;/faultstring&gt;&lt;/s:Fault&gt;&lt;/s:Body&gt;&lt;/s:Envelope&gt;" type="com.intuit.karate.exception.KarateException">com.intuit.karate.exception.KarateException: status code was: 500, expected: 200, response time: 208, url: https://internet-cprms-uat.hpb.gov.sg:5556/IQuitParticipantService/ParticipantService.svc, response: &lt;s:Envelope xmlns:s=&quot;http://schemas.xmlsoap.org/soap/envelope/&quot;&gt;&lt;s:Body&gt;&lt;s:Fault&gt;&lt;faultcode xmlns:a=&quot;http://schemas.microsoft.com/net/2005/12/windowscommunicationfoundation/dispatcher&quot;&gt;a:InternalServiceFault&lt;/faultcode&gt;&lt;faultstring xml:lang=&quot;en-US&quot;&gt;The server was unable to process the request due to an internal error.  For more information about the error, either turn on IncludeExceptionDetailInFaults (either from ServiceBehaviorAttribute or from the &amp;lt;serviceDebug&amp;gt; configuration behavior) on the server in order to send the exception information back to the client, or turn on tracing as per the Microsoft .NET Framework SDK documentation and inspect the server trace logs.&lt;/faultstring&gt;&lt;/s:Fault&gt;&lt;/s:Body&gt;&lt;/s:Envelope&gt;
	at com.intuit.karate.StepDefs.status(StepDefs.java:491)
	at ✽.Then status 200(C:\Users\Jeffrey\Documents\GitHub\cprmsiquit\target\test-classes\sg\gov\hpb\cprms\iquit\users.feature:96)
</error>
    <system-out>13:12:47.398 [main] ERROR com.intuit.karate - status code was: 500, expected: 200, response time: 208, url: https://internet-cprms-uat.hpb.gov.sg:5556/IQuitParticipantService/ParticipantService.svc, response: &lt;s:Envelope xmlns:s=&quot;http://schemas.xmlsoap.org/soap/envelope/&quot;&gt;&lt;s:Body&gt;&lt;s:Fault&gt;&lt;faultcode xmlns:a=&quot;http://schemas.microsoft.com/net/2005/12/windowscommunicationfoundation/dispatcher&quot;&gt;a:InternalServiceFault&lt;/faultcode&gt;&lt;faultstring xml:lang=&quot;en-US&quot;&gt;The server was unable to process the request due to an internal error.  For more information about the error, either turn on IncludeExceptionDetailInFaults (either from ServiceBehaviorAttribute or from the &amp;lt;serviceDebug&amp;gt; configuration behavior) on the server in order to send the exception information back to the client, or turn on tracing as per the Microsoft .NET Framework SDK documentation and inspect the server trace logs.&lt;/faultstring&gt;&lt;/s:Fault&gt;&lt;/s:Body&gt;&lt;/s:Envelope&gt;
</system-out>
  </testcase>
  <testcase classname="Scenario: Test 3 - Update Particpant Pass" name="Scenario: Test 3 - Update Particpant Pass" time="0.015">
    <error message="status code was: 500, expected: 200, response time: 208, url: https://internet-cprms-uat.hpb.gov.sg:5556/IQuitParticipantService/ParticipantService.svc, response: &lt;s:Envelope xmlns:s=&quot;http://schemas.xmlsoap.org/soap/envelope/&quot;&gt;&lt;s:Body&gt;&lt;s:Fault&gt;&lt;faultcode xmlns:a=&quot;http://schemas.microsoft.com/net/2005/12/windowscommunicationfoundation/dispatcher&quot;&gt;a:InternalServiceFault&lt;/faultcode&gt;&lt;faultstring xml:lang=&quot;en-US&quot;&gt;The server was unable to process the request due to an internal error.  For more information about the error, either turn on IncludeExceptionDetailInFaults (either from ServiceBehaviorAttribute or from the &amp;lt;serviceDebug&amp;gt; configuration behavior) on the server in order to send the exception information back to the client, or turn on tracing as per the Microsoft .NET Framework SDK documentation and inspect the server trace logs.&lt;/faultstring&gt;&lt;/s:Fault&gt;&lt;/s:Body&gt;&lt;/s:Envelope&gt;" type="com.intuit.karate.exception.KarateException">com.intuit.karate.exception.KarateException: status code was: 500, expected: 200, response time: 208, url: https://internet-cprms-uat.hpb.gov.sg:5556/IQuitParticipantService/ParticipantService.svc, response: &lt;s:Envelope xmlns:s=&quot;http://schemas.xmlsoap.org/soap/envelope/&quot;&gt;&lt;s:Body&gt;&lt;s:Fault&gt;&lt;faultcode xmlns:a=&quot;http://schemas.microsoft.com/net/2005/12/windowscommunicationfoundation/dispatcher&quot;&gt;a:InternalServiceFault&lt;/faultcode&gt;&lt;faultstring xml:lang=&quot;en-US&quot;&gt;The server was unable to process the request due to an internal error.  For more information about the error, either turn on IncludeExceptionDetailInFaults (either from ServiceBehaviorAttribute or from the &amp;lt;serviceDebug&amp;gt; configuration behavior) on the server in order to send the exception information back to the client, or turn on tracing as per the Microsoft .NET Framework SDK documentation and inspect the server trace logs.&lt;/faultstring&gt;&lt;/s:Fault&gt;&lt;/s:Body&gt;&lt;/s:Envelope&gt;
	at com.intuit.karate.StepDefs.status(StepDefs.java:491)
	at ✽.Then status 200(C:\Users\Jeffrey\Documents\GitHub\cprmsiquit\target\test-classes\sg\gov\hpb\cprms\iquit\users.feature:96)
</error>
  </testcase>
  <testcase classname="Scenario: Test 4 - Update Particpant Fail" name="* url &apos;https://internet-cprms-uat.hpb.gov.sg:5556/IQuitParticipantService/ParticipantService.svc&apos;" time="0"/>
  <testcase classname="Scenario: Test 4 - Update Particpant Fail" name="Given request" time="0"/>
  <testcase classname="Scenario: Test 4 - Update Particpant Fail" name="When soap action &apos;http://tempuri.org/IParticipantService/GetParticipants&apos;" time="0"/>
  <testcase classname="Scenario: Test 4 - Update Particpant Fail" name="Then status 501" time="0.005">
    <error message="status code was: 500, expected: 501, response time: 186, url: https://internet-cprms-uat.hpb.gov.sg:5556/IQuitParticipantService/ParticipantService.svc, response: &lt;s:Envelope xmlns:s=&quot;http://schemas.xmlsoap.org/soap/envelope/&quot;&gt;&lt;s:Body&gt;&lt;s:Fault&gt;&lt;faultcode xmlns:a=&quot;http://schemas.microsoft.com/net/2005/12/windowscommunicationfoundation/dispatcher&quot;&gt;a:InternalServiceFault&lt;/faultcode&gt;&lt;faultstring xml:lang=&quot;en-US&quot;&gt;The server was unable to process the request due to an internal error.  For more information about the error, either turn on IncludeExceptionDetailInFaults (either from ServiceBehaviorAttribute or from the &amp;lt;serviceDebug&amp;gt; configuration behavior) on the server in order to send the exception information back to the client, or turn on tracing as per the Microsoft .NET Framework SDK documentation and inspect the server trace logs.&lt;/faultstring&gt;&lt;/s:Fault&gt;&lt;/s:Body&gt;&lt;/s:Envelope&gt;" type="com.intuit.karate.exception.KarateException">com.intuit.karate.exception.KarateException: status code was: 500, expected: 501, response time: 186, url: https://internet-cprms-uat.hpb.gov.sg:5556/IQuitParticipantService/ParticipantService.svc, response: &lt;s:Envelope xmlns:s=&quot;http://schemas.xmlsoap.org/soap/envelope/&quot;&gt;&lt;s:Body&gt;&lt;s:Fault&gt;&lt;faultcode xmlns:a=&quot;http://schemas.microsoft.com/net/2005/12/windowscommunicationfoundation/dispatcher&quot;&gt;a:InternalServiceFault&lt;/faultcode&gt;&lt;faultstring xml:lang=&quot;en-US&quot;&gt;The server was unable to process the request due to an internal error.  For more information about the error, either turn on IncludeExceptionDetailInFaults (either from ServiceBehaviorAttribute or from the &amp;lt;serviceDebug&amp;gt; configuration behavior) on the server in order to send the exception information back to the client, or turn on tracing as per the Microsoft .NET Framework SDK documentation and inspect the server trace logs.&lt;/faultstring&gt;&lt;/s:Fault&gt;&lt;/s:Body&gt;&lt;/s:Envelope&gt;
	at com.intuit.karate.StepDefs.status(StepDefs.java:491)
	at ✽.Then status 501(C:\Users\Jeffrey\Documents\GitHub\cprmsiquit\target\test-classes\sg\gov\hpb\cprms\iquit\users.feature:127)
</error>
    <system-out>13:12:47.704 [main] ERROR com.intuit.karate - status code was: 500, expected: 501, response time: 186, url: https://internet-cprms-uat.hpb.gov.sg:5556/IQuitParticipantService/ParticipantService.svc, response: &lt;s:Envelope xmlns:s=&quot;http://schemas.xmlsoap.org/soap/envelope/&quot;&gt;&lt;s:Body&gt;&lt;s:Fault&gt;&lt;faultcode xmlns:a=&quot;http://schemas.microsoft.com/net/2005/12/windowscommunicationfoundation/dispatcher&quot;&gt;a:InternalServiceFault&lt;/faultcode&gt;&lt;faultstring xml:lang=&quot;en-US&quot;&gt;The server was unable to process the request due to an internal error.  For more information about the error, either turn on IncludeExceptionDetailInFaults (either from ServiceBehaviorAttribute or from the &amp;lt;serviceDebug&amp;gt; configuration behavior) on the server in order to send the exception information back to the client, or turn on tracing as per the Microsoft .NET Framework SDK documentation and inspect the server trace logs.&lt;/faultstring&gt;&lt;/s:Fault&gt;&lt;/s:Body&gt;&lt;/s:Envelope&gt;
</system-out>
  </testcase>
  <testcase classname="Scenario: Test 4 - Update Particpant Fail" name="Scenario: Test 4 - Update Particpant Fail" time="0.008">
    <error message="status code was: 500, expected: 501, response time: 186, url: https://internet-cprms-uat.hpb.gov.sg:5556/IQuitParticipantService/ParticipantService.svc, response: &lt;s:Envelope xmlns:s=&quot;http://schemas.xmlsoap.org/soap/envelope/&quot;&gt;&lt;s:Body&gt;&lt;s:Fault&gt;&lt;faultcode xmlns:a=&quot;http://schemas.microsoft.com/net/2005/12/windowscommunicationfoundation/dispatcher&quot;&gt;a:InternalServiceFault&lt;/faultcode&gt;&lt;faultstring xml:lang=&quot;en-US&quot;&gt;The server was unable to process the request due to an internal error.  For more information about the error, either turn on IncludeExceptionDetailInFaults (either from ServiceBehaviorAttribute or from the &amp;lt;serviceDebug&amp;gt; configuration behavior) on the server in order to send the exception information back to the client, or turn on tracing as per the Microsoft .NET Framework SDK documentation and inspect the server trace logs.&lt;/faultstring&gt;&lt;/s:Fault&gt;&lt;/s:Body&gt;&lt;/s:Envelope&gt;" type="com.intuit.karate.exception.KarateException">com.intuit.karate.exception.KarateException: status code was: 500, expected: 501, response time: 186, url: https://internet-cprms-uat.hpb.gov.sg:5556/IQuitParticipantService/ParticipantService.svc, response: &lt;s:Envelope xmlns:s=&quot;http://schemas.xmlsoap.org/soap/envelope/&quot;&gt;&lt;s:Body&gt;&lt;s:Fault&gt;&lt;faultcode xmlns:a=&quot;http://schemas.microsoft.com/net/2005/12/windowscommunicationfoundation/dispatcher&quot;&gt;a:InternalServiceFault&lt;/faultcode&gt;&lt;faultstring xml:lang=&quot;en-US&quot;&gt;The server was unable to process the request due to an internal error.  For more information about the error, either turn on IncludeExceptionDetailInFaults (either from ServiceBehaviorAttribute or from the &amp;lt;serviceDebug&amp;gt; configuration behavior) on the server in order to send the exception information back to the client, or turn on tracing as per the Microsoft .NET Framework SDK documentation and inspect the server trace logs.&lt;/faultstring&gt;&lt;/s:Fault&gt;&lt;/s:Body&gt;&lt;/s:Envelope&gt;
	at com.intuit.karate.StepDefs.status(StepDefs.java:491)
	at ✽.Then status 501(C:\Users\Jeffrey\Documents\GitHub\cprmsiquit\target\test-classes\sg\gov\hpb\cprms\iquit\users.feature:127)
</error>
  </testcase>
  <testcase classname="Scenario: Test 5 - Get Particpants Pass" name="* url &apos;https://internet-cprms-uat.hpb.gov.sg:5556/IQuitParticipantService/ParticipantService.svc&apos;" time="0"/>
  <testcase classname="Scenario: Test 5 - Get Particpants Pass" name="Given request" time="0"/>
  <testcase classname="Scenario: Test 5 - Get Particpants Pass" name="When soap action &apos;http://tempuri.org/IParticipantService/GetParticipants&apos;" time="0"/>
  <testcase classname="Scenario: Test 5 - Get Particpants Pass" name="Then status 200" time="0.001"/>
  <testcase classname="Scenario: Test 5 - Get Particpants Pass" name="Scenario: Test 5 - Get Particpants Pass" time="0.001"/>
  <testcase classname="Scenario: Test 6 - Get Particpants No input" name="* url &apos;https://internet-cprms-uat.hpb.gov.sg:5556/IQuitParticipantService/ParticipantService.svc&apos;" time="0"/>
  <testcase classname="Scenario: Test 6 - Get Particpants No input" name="Given request" time="0"/>
  <testcase classname="Scenario: Test 6 - Get Particpants No input" name="When soap action &apos;http://tempuri.org/IParticipantService/GetParticipants&apos;" time="0"/>
  <testcase classname="Scenario: Test 6 - Get Particpants No input" name="Then status 501" time="0.002">
    <error message="status code was: 200, expected: 501, response time: 176, url: https://internet-cprms-uat.hpb.gov.sg:5556/IQuitParticipantService/ParticipantService.svc, response: &lt;s:Envelope xmlns:s=&quot;http://schemas.xmlsoap.org/soap/envelope/&quot;&gt;&lt;s:Body&gt;&lt;GetParticipantsResponse xmlns=&quot;http://tempuri.org/&quot;&gt;&lt;GetParticipantsResult xmlns:a=&quot;http://schemas.datacontract.org/2004/07/IQuitParticipantService&quot; xmlns:i=&quot;http://www.w3.org/2001/XMLSchema-instance&quot;&gt;&lt;a:StatusCode&gt;502&lt;/a:StatusCode&gt;&lt;a:StatusMessage&gt; Invalid referenceIds:;&lt;/a:StatusMessage&gt;&lt;a:lstParticipantData i:nil=&quot;true&quot;/&gt;&lt;/GetParticipantsResult&gt;&lt;/GetParticipantsResponse&gt;&lt;/s:Body&gt;&lt;/s:Envelope&gt;" type="com.intuit.karate.exception.KarateException">com.intuit.karate.exception.KarateException: status code was: 200, expected: 501, response time: 176, url: https://internet-cprms-uat.hpb.gov.sg:5556/IQuitParticipantService/ParticipantService.svc, response: &lt;s:Envelope xmlns:s=&quot;http://schemas.xmlsoap.org/soap/envelope/&quot;&gt;&lt;s:Body&gt;&lt;GetParticipantsResponse xmlns=&quot;http://tempuri.org/&quot;&gt;&lt;GetParticipantsResult xmlns:a=&quot;http://schemas.datacontract.org/2004/07/IQuitParticipantService&quot; xmlns:i=&quot;http://www.w3.org/2001/XMLSchema-instance&quot;&gt;&lt;a:StatusCode&gt;502&lt;/a:StatusCode&gt;&lt;a:StatusMessage&gt; Invalid referenceIds:;&lt;/a:StatusMessage&gt;&lt;a:lstParticipantData i:nil=&quot;true&quot;/&gt;&lt;/GetParticipantsResult&gt;&lt;/GetParticipantsResponse&gt;&lt;/s:Body&gt;&lt;/s:Envelope&gt;
	at com.intuit.karate.StepDefs.status(StepDefs.java:491)
	at ✽.Then status 501(C:\Users\Jeffrey\Documents\GitHub\cprmsiquit\target\test-classes\sg\gov\hpb\cprms\iquit\users.feature:167)
</error>
    <system-out>13:12:48.510 [main] ERROR com.intuit.karate - status code was: 200, expected: 501, response time: 176, url: https://internet-cprms-uat.hpb.gov.sg:5556/IQuitParticipantService/ParticipantService.svc, response: &lt;s:Envelope xmlns:s=&quot;http://schemas.xmlsoap.org/soap/envelope/&quot;&gt;&lt;s:Body&gt;&lt;GetParticipantsResponse xmlns=&quot;http://tempuri.org/&quot;&gt;&lt;GetParticipantsResult xmlns:a=&quot;http://schemas.datacontract.org/2004/07/IQuitParticipantService&quot; xmlns:i=&quot;http://www.w3.org/2001/XMLSchema-instance&quot;&gt;&lt;a:StatusCode&gt;502&lt;/a:StatusCode&gt;&lt;a:StatusMessage&gt; Invalid referenceIds:;&lt;/a:StatusMessage&gt;&lt;a:lstParticipantData i:nil=&quot;true&quot;/&gt;&lt;/GetParticipantsResult&gt;&lt;/GetParticipantsResponse&gt;&lt;/s:Body&gt;&lt;/s:Envelope&gt;
</system-out>
  </testcase>
  <testcase classname="Scenario: Test 6 - Get Particpants No input" name="Scenario: Test 6 - Get Particpants No input" time="0.004">
    <error message="status code was: 200, expected: 501, response time: 176, url: https://internet-cprms-uat.hpb.gov.sg:5556/IQuitParticipantService/ParticipantService.svc, response: &lt;s:Envelope xmlns:s=&quot;http://schemas.xmlsoap.org/soap/envelope/&quot;&gt;&lt;s:Body&gt;&lt;GetParticipantsResponse xmlns=&quot;http://tempuri.org/&quot;&gt;&lt;GetParticipantsResult xmlns:a=&quot;http://schemas.datacontract.org/2004/07/IQuitParticipantService&quot; xmlns:i=&quot;http://www.w3.org/2001/XMLSchema-instance&quot;&gt;&lt;a:StatusCode&gt;502&lt;/a:StatusCode&gt;&lt;a:StatusMessage&gt; Invalid referenceIds:;&lt;/a:StatusMessage&gt;&lt;a:lstParticipantData i:nil=&quot;true&quot;/&gt;&lt;/GetParticipantsResult&gt;&lt;/GetParticipantsResponse&gt;&lt;/s:Body&gt;&lt;/s:Envelope&gt;" type="com.intuit.karate.exception.KarateException">com.intuit.karate.exception.KarateException: status code was: 200, expected: 501, response time: 176, url: https://internet-cprms-uat.hpb.gov.sg:5556/IQuitParticipantService/ParticipantService.svc, response: &lt;s:Envelope xmlns:s=&quot;http://schemas.xmlsoap.org/soap/envelope/&quot;&gt;&lt;s:Body&gt;&lt;GetParticipantsResponse xmlns=&quot;http://tempuri.org/&quot;&gt;&lt;GetParticipantsResult xmlns:a=&quot;http://schemas.datacontract.org/2004/07/IQuitParticipantService&quot; xmlns:i=&quot;http://www.w3.org/2001/XMLSchema-instance&quot;&gt;&lt;a:StatusCode&gt;502&lt;/a:StatusCode&gt;&lt;a:StatusMessage&gt; Invalid referenceIds:;&lt;/a:StatusMessage&gt;&lt;a:lstParticipantData i:nil=&quot;true&quot;/&gt;&lt;/GetParticipantsResult&gt;&lt;/GetParticipantsResponse&gt;&lt;/s:Body&gt;&lt;/s:Envelope&gt;
	at com.intuit.karate.StepDefs.status(StepDefs.java:491)
	at ✽.Then status 501(C:\Users\Jeffrey\Documents\GitHub\cprmsiquit\target\test-classes\sg\gov\hpb\cprms\iquit\users.feature:167)
</error>
  </testcase>
  <testcase classname="Scenario: Test 7 - Get Particpants No such participant" name="* url &apos;https://internet-cprms-uat.hpb.gov.sg:5556/IQuitParticipantService/ParticipantService.svc&apos;" time="0"/>
  <testcase classname="Scenario: Test 7 - Get Particpants No such participant" name="Given request" time="0"/>
  <testcase classname="Scenario: Test 7 - Get Particpants No such participant" name="When soap action &apos;http://tempuri.org/IParticipantService/GetParticipants&apos;" time="0.001"/>
  <testcase classname="Scenario: Test 7 - Get Particpants No such participant" name="Then status 502" time="0.001">
    <error message="status code was: 200, expected: 502, response time: 171, url: https://internet-cprms-uat.hpb.gov.sg:5556/IQuitParticipantService/ParticipantService.svc, response: &lt;s:Envelope xmlns:s=&quot;http://schemas.xmlsoap.org/soap/envelope/&quot;&gt;&lt;s:Body&gt;&lt;GetParticipantsResponse xmlns=&quot;http://tempuri.org/&quot;&gt;&lt;GetParticipantsResult xmlns:a=&quot;http://schemas.datacontract.org/2004/07/IQuitParticipantService&quot; xmlns:i=&quot;http://www.w3.org/2001/XMLSchema-instance&quot;&gt;&lt;a:StatusCode&gt;502&lt;/a:StatusCode&gt;&lt;a:StatusMessage&gt;No matching record found.&lt;/a:StatusMessage&gt;&lt;a:lstParticipantData i:nil=&quot;true&quot;/&gt;&lt;/GetParticipantsResult&gt;&lt;/GetParticipantsResponse&gt;&lt;/s:Body&gt;&lt;/s:Envelope&gt;" type="com.intuit.karate.exception.KarateException">com.intuit.karate.exception.KarateException: status code was: 200, expected: 502, response time: 171, url: https://internet-cprms-uat.hpb.gov.sg:5556/IQuitParticipantService/ParticipantService.svc, response: &lt;s:Envelope xmlns:s=&quot;http://schemas.xmlsoap.org/soap/envelope/&quot;&gt;&lt;s:Body&gt;&lt;GetParticipantsResponse xmlns=&quot;http://tempuri.org/&quot;&gt;&lt;GetParticipantsResult xmlns:a=&quot;http://schemas.datacontract.org/2004/07/IQuitParticipantService&quot; xmlns:i=&quot;http://www.w3.org/2001/XMLSchema-instance&quot;&gt;&lt;a:StatusCode&gt;502&lt;/a:StatusCode&gt;&lt;a:StatusMessage&gt;No matching record found.&lt;/a:StatusMessage&gt;&lt;a:lstParticipantData i:nil=&quot;true&quot;/&gt;&lt;/GetParticipantsResult&gt;&lt;/GetParticipantsResponse&gt;&lt;/s:Body&gt;&lt;/s:Envelope&gt;
	at com.intuit.karate.StepDefs.status(StepDefs.java:491)
	at ✽.Then status 502(C:\Users\Jeffrey\Documents\GitHub\cprmsiquit\target\test-classes\sg\gov\hpb\cprms\iquit\users.feature:188)
</error>
    <system-out>13:12:48.922 [main] ERROR com.intuit.karate - status code was: 200, expected: 502, response time: 171, url: https://internet-cprms-uat.hpb.gov.sg:5556/IQuitParticipantService/ParticipantService.svc, response: &lt;s:Envelope xmlns:s=&quot;http://schemas.xmlsoap.org/soap/envelope/&quot;&gt;&lt;s:Body&gt;&lt;GetParticipantsResponse xmlns=&quot;http://tempuri.org/&quot;&gt;&lt;GetParticipantsResult xmlns:a=&quot;http://schemas.datacontract.org/2004/07/IQuitParticipantService&quot; xmlns:i=&quot;http://www.w3.org/2001/XMLSchema-instance&quot;&gt;&lt;a:StatusCode&gt;502&lt;/a:StatusCode&gt;&lt;a:StatusMessage&gt;No matching record found.&lt;/a:StatusMessage&gt;&lt;a:lstParticipantData i:nil=&quot;true&quot;/&gt;&lt;/GetParticipantsResult&gt;&lt;/GetParticipantsResponse&gt;&lt;/s:Body&gt;&lt;/s:Envelope&gt;
</system-out>
  </testcase>
  <testcase classname="Scenario: Test 7 - Get Particpants No such participant" name="Scenario: Test 7 - Get Particpants No such participant" time="0.002">
    <error message="status code was: 200, expected: 502, response time: 171, url: https://internet-cprms-uat.hpb.gov.sg:5556/IQuitParticipantService/ParticipantService.svc, response: &lt;s:Envelope xmlns:s=&quot;http://schemas.xmlsoap.org/soap/envelope/&quot;&gt;&lt;s:Body&gt;&lt;GetParticipantsResponse xmlns=&quot;http://tempuri.org/&quot;&gt;&lt;GetParticipantsResult xmlns:a=&quot;http://schemas.datacontract.org/2004/07/IQuitParticipantService&quot; xmlns:i=&quot;http://www.w3.org/2001/XMLSchema-instance&quot;&gt;&lt;a:StatusCode&gt;502&lt;/a:StatusCode&gt;&lt;a:StatusMessage&gt;No matching record found.&lt;/a:StatusMessage&gt;&lt;a:lstParticipantData i:nil=&quot;true&quot;/&gt;&lt;/GetParticipantsResult&gt;&lt;/GetParticipantsResponse&gt;&lt;/s:Body&gt;&lt;/s:Envelope&gt;" type="com.intuit.karate.exception.KarateException">com.intuit.karate.exception.KarateException: status code was: 200, expected: 502, response time: 171, url: https://internet-cprms-uat.hpb.gov.sg:5556/IQuitParticipantService/ParticipantService.svc, response: &lt;s:Envelope xmlns:s=&quot;http://schemas.xmlsoap.org/soap/envelope/&quot;&gt;&lt;s:Body&gt;&lt;GetParticipantsResponse xmlns=&quot;http://tempuri.org/&quot;&gt;&lt;GetParticipantsResult xmlns:a=&quot;http://schemas.datacontract.org/2004/07/IQuitParticipantService&quot; xmlns:i=&quot;http://www.w3.org/2001/XMLSchema-instance&quot;&gt;&lt;a:StatusCode&gt;502&lt;/a:StatusCode&gt;&lt;a:StatusMessage&gt;No matching record found.&lt;/a:StatusMessage&gt;&lt;a:lstParticipantData i:nil=&quot;true&quot;/&gt;&lt;/GetParticipantsResult&gt;&lt;/GetParticipantsResponse&gt;&lt;/s:Body&gt;&lt;/s:Envelope&gt;
	at com.intuit.karate.StepDefs.status(StepDefs.java:491)
	at ✽.Then status 502(C:\Users\Jeffrey\Documents\GitHub\cprmsiquit\target\test-classes\sg\gov\hpb\cprms\iquit\users.feature:188)
</error>
  </testcase>
  <testcase classname="Scenario: Test 8 - Get Particpants valid in valid not in and invalid" name="* url &apos;https://internet-cprms-uat.hpb.gov.sg:5556/IQuitParticipantService/ParticipantService.svc&apos;" time="0"/>
  <testcase classname="Scenario: Test 8 - Get Particpants valid in valid not in and invalid" name="Given request" time="0"/>
  <testcase classname="Scenario: Test 8 - Get Particpants valid in valid not in and invalid" name="When soap action &apos;http://tempuri.org/IParticipantService/GetParticipants&apos;" time="0"/>
  <testcase classname="Scenario: Test 8 - Get Particpants valid in valid not in and invalid" name="Then status 502" time="0.001">
    <error message="status code was: 200, expected: 502, response time: 169, url: https://internet-cprms-uat.hpb.gov.sg:5556/IQuitParticipantService/ParticipantService.svc, response: &lt;s:Envelope xmlns:s=&quot;http://schemas.xmlsoap.org/soap/envelope/&quot;&gt;&lt;s:Body&gt;&lt;GetParticipantsResponse xmlns=&quot;http://tempuri.org/&quot;&gt;&lt;GetParticipantsResult xmlns:a=&quot;http://schemas.datacontract.org/2004/07/IQuitParticipantService&quot; xmlns:i=&quot;http://www.w3.org/2001/XMLSchema-instance&quot;&gt;&lt;a:StatusCode&gt;502&lt;/a:StatusCode&gt;&lt;a:StatusMessage&gt; Invalid referenceIds:d9d72c72-3fc0-45f4-9c74-14be8ecea897, d9d72c72-3fc0-9999-9999-14be8ecea897,aaaa;&lt;/a:StatusMessage&gt;&lt;a:lstParticipantData i:nil=&quot;true&quot;/&gt;&lt;/GetParticipantsResult&gt;&lt;/GetParticipantsResponse&gt;&lt;/s:Body&gt;&lt;/s:Envelope&gt;" type="com.intuit.karate.exception.KarateException">com.intuit.karate.exception.KarateException: status code was: 200, expected: 502, response time: 169, url: https://internet-cprms-uat.hpb.gov.sg:5556/IQuitParticipantService/ParticipantService.svc, response: &lt;s:Envelope xmlns:s=&quot;http://schemas.xmlsoap.org/soap/envelope/&quot;&gt;&lt;s:Body&gt;&lt;GetParticipantsResponse xmlns=&quot;http://tempuri.org/&quot;&gt;&lt;GetParticipantsResult xmlns:a=&quot;http://schemas.datacontract.org/2004/07/IQuitParticipantService&quot; xmlns:i=&quot;http://www.w3.org/2001/XMLSchema-instance&quot;&gt;&lt;a:StatusCode&gt;502&lt;/a:StatusCode&gt;&lt;a:StatusMessage&gt; Invalid referenceIds:d9d72c72-3fc0-45f4-9c74-14be8ecea897, d9d72c72-3fc0-9999-9999-14be8ecea897,aaaa;&lt;/a:StatusMessage&gt;&lt;a:lstParticipantData i:nil=&quot;true&quot;/&gt;&lt;/GetParticipantsResult&gt;&lt;/GetParticipantsResponse&gt;&lt;/s:Body&gt;&lt;/s:Envelope&gt;
	at com.intuit.karate.StepDefs.status(StepDefs.java:491)
	at ✽.Then status 502(C:\Users\Jeffrey\Documents\GitHub\cprmsiquit\target\test-classes\sg\gov\hpb\cprms\iquit\users.feature:208)
</error>
    <system-out>13:12:49.597 [main] ERROR com.intuit.karate - status code was: 200, expected: 502, response time: 169, url: https://internet-cprms-uat.hpb.gov.sg:5556/IQuitParticipantService/ParticipantService.svc, response: &lt;s:Envelope xmlns:s=&quot;http://schemas.xmlsoap.org/soap/envelope/&quot;&gt;&lt;s:Body&gt;&lt;GetParticipantsResponse xmlns=&quot;http://tempuri.org/&quot;&gt;&lt;GetParticipantsResult xmlns:a=&quot;http://schemas.datacontract.org/2004/07/IQuitParticipantService&quot; xmlns:i=&quot;http://www.w3.org/2001/XMLSchema-instance&quot;&gt;&lt;a:StatusCode&gt;502&lt;/a:StatusCode&gt;&lt;a:StatusMessage&gt; Invalid referenceIds:d9d72c72-3fc0-45f4-9c74-14be8ecea897, d9d72c72-3fc0-9999-9999-14be8ecea897,aaaa;&lt;/a:StatusMessage&gt;&lt;a:lstParticipantData i:nil=&quot;true&quot;/&gt;&lt;/GetParticipantsResult&gt;&lt;/GetParticipantsResponse&gt;&lt;/s:Body&gt;&lt;/s:Envelope&gt;
</system-out>
  </testcase>
  <testcase classname="Scenario: Test 8 - Get Particpants valid in valid not in and invalid" name="Scenario: Test 8 - Get Particpants valid in valid not in and invalid" time="0.003">
    <error message="status code was: 200, expected: 502, response time: 169, url: https://internet-cprms-uat.hpb.gov.sg:5556/IQuitParticipantService/ParticipantService.svc, response: &lt;s:Envelope xmlns:s=&quot;http://schemas.xmlsoap.org/soap/envelope/&quot;&gt;&lt;s:Body&gt;&lt;GetParticipantsResponse xmlns=&quot;http://tempuri.org/&quot;&gt;&lt;GetParticipantsResult xmlns:a=&quot;http://schemas.datacontract.org/2004/07/IQuitParticipantService&quot; xmlns:i=&quot;http://www.w3.org/2001/XMLSchema-instance&quot;&gt;&lt;a:StatusCode&gt;502&lt;/a:StatusCode&gt;&lt;a:StatusMessage&gt; Invalid referenceIds:d9d72c72-3fc0-45f4-9c74-14be8ecea897, d9d72c72-3fc0-9999-9999-14be8ecea897,aaaa;&lt;/a:StatusMessage&gt;&lt;a:lstParticipantData i:nil=&quot;true&quot;/&gt;&lt;/GetParticipantsResult&gt;&lt;/GetParticipantsResponse&gt;&lt;/s:Body&gt;&lt;/s:Envelope&gt;" type="com.intuit.karate.exception.KarateException">com.intuit.karate.exception.KarateException: status code was: 200, expected: 502, response time: 169, url: https://internet-cprms-uat.hpb.gov.sg:5556/IQuitParticipantService/ParticipantService.svc, response: &lt;s:Envelope xmlns:s=&quot;http://schemas.xmlsoap.org/soap/envelope/&quot;&gt;&lt;s:Body&gt;&lt;GetParticipantsResponse xmlns=&quot;http://tempuri.org/&quot;&gt;&lt;GetParticipantsResult xmlns:a=&quot;http://schemas.datacontract.org/2004/07/IQuitParticipantService&quot; xmlns:i=&quot;http://www.w3.org/2001/XMLSchema-instance&quot;&gt;&lt;a:StatusCode&gt;502&lt;/a:StatusCode&gt;&lt;a:StatusMessage&gt; Invalid referenceIds:d9d72c72-3fc0-45f4-9c74-14be8ecea897, d9d72c72-3fc0-9999-9999-14be8ecea897,aaaa;&lt;/a:StatusMessage&gt;&lt;a:lstParticipantData i:nil=&quot;true&quot;/&gt;&lt;/GetParticipantsResult&gt;&lt;/GetParticipantsResponse&gt;&lt;/s:Body&gt;&lt;/s:Envelope&gt;
	at com.intuit.karate.StepDefs.status(StepDefs.java:491)
	at ✽.Then status 502(C:\Users\Jeffrey\Documents\GitHub\cprmsiquit\target\test-classes\sg\gov\hpb\cprms\iquit\users.feature:208)
</error>
  </testcase>
  <testcase classname="Scenario: Test 11 - Get Particpants valid in valid not in" name="* url &apos;https://internet-cprms-uat.hpb.gov.sg:5556/IQuitParticipantService/ParticipantService.svc&apos;" time="0"/>
  <testcase classname="Scenario: Test 11 - Get Particpants valid in valid not in" name="Given request" time="0"/>
  <testcase classname="Scenario: Test 11 - Get Particpants valid in valid not in" name="When soap action &apos;http://tempuri.org/IParticipantService/GetParticipants&apos;" time="0"/>
  <testcase classname="Scenario: Test 11 - Get Particpants valid in valid not in" name="Then status 201" time="0.002">
    <error message="status code was: 200, expected: 201, response time: 166, url: https://internet-cprms-uat.hpb.gov.sg:5556/IQuitParticipantService/ParticipantService.svc, response: &lt;s:Envelope xmlns:s=&quot;http://schemas.xmlsoap.org/soap/envelope/&quot;&gt;&lt;s:Body&gt;&lt;GetParticipantsResponse xmlns=&quot;http://tempuri.org/&quot;&gt;&lt;GetParticipantsResult xmlns:a=&quot;http://schemas.datacontract.org/2004/07/IQuitParticipantService&quot; xmlns:i=&quot;http://www.w3.org/2001/XMLSchema-instance&quot;&gt;&lt;a:StatusCode&gt;502&lt;/a:StatusCode&gt;&lt;a:StatusMessage&gt; Invalid referenceIds:d9d72c72-3fc0-45f4-9c74-14be8ecea897, d9d72c72-3fc0-9999-9999-14be8ecea897;&lt;/a:StatusMessage&gt;&lt;a:lstParticipantData i:nil=&quot;true&quot;/&gt;&lt;/GetParticipantsResult&gt;&lt;/GetParticipantsResponse&gt;&lt;/s:Body&gt;&lt;/s:Envelope&gt;" type="com.intuit.karate.exception.KarateException">com.intuit.karate.exception.KarateException: status code was: 200, expected: 201, response time: 166, url: https://internet-cprms-uat.hpb.gov.sg:5556/IQuitParticipantService/ParticipantService.svc, response: &lt;s:Envelope xmlns:s=&quot;http://schemas.xmlsoap.org/soap/envelope/&quot;&gt;&lt;s:Body&gt;&lt;GetParticipantsResponse xmlns=&quot;http://tempuri.org/&quot;&gt;&lt;GetParticipantsResult xmlns:a=&quot;http://schemas.datacontract.org/2004/07/IQuitParticipantService&quot; xmlns:i=&quot;http://www.w3.org/2001/XMLSchema-instance&quot;&gt;&lt;a:StatusCode&gt;502&lt;/a:StatusCode&gt;&lt;a:StatusMessage&gt; Invalid referenceIds:d9d72c72-3fc0-45f4-9c74-14be8ecea897, d9d72c72-3fc0-9999-9999-14be8ecea897;&lt;/a:StatusMessage&gt;&lt;a:lstParticipantData i:nil=&quot;true&quot;/&gt;&lt;/GetParticipantsResult&gt;&lt;/GetParticipantsResponse&gt;&lt;/s:Body&gt;&lt;/s:Envelope&gt;
	at com.intuit.karate.StepDefs.status(StepDefs.java:491)
	at ✽.Then status 201(C:\Users\Jeffrey\Documents\GitHub\cprmsiquit\target\test-classes\sg\gov\hpb\cprms\iquit\users.feature:229)
</error>
    <system-out>13:12:50.043 [main] ERROR com.intuit.karate - status code was: 200, expected: 201, response time: 166, url: https://internet-cprms-uat.hpb.gov.sg:5556/IQuitParticipantService/ParticipantService.svc, response: &lt;s:Envelope xmlns:s=&quot;http://schemas.xmlsoap.org/soap/envelope/&quot;&gt;&lt;s:Body&gt;&lt;GetParticipantsResponse xmlns=&quot;http://tempuri.org/&quot;&gt;&lt;GetParticipantsResult xmlns:a=&quot;http://schemas.datacontract.org/2004/07/IQuitParticipantService&quot; xmlns:i=&quot;http://www.w3.org/2001/XMLSchema-instance&quot;&gt;&lt;a:StatusCode&gt;502&lt;/a:StatusCode&gt;&lt;a:StatusMessage&gt; Invalid referenceIds:d9d72c72-3fc0-45f4-9c74-14be8ecea897, d9d72c72-3fc0-9999-9999-14be8ecea897;&lt;/a:StatusMessage&gt;&lt;a:lstParticipantData i:nil=&quot;true&quot;/&gt;&lt;/GetParticipantsResult&gt;&lt;/GetParticipantsResponse&gt;&lt;/s:Body&gt;&lt;/s:Envelope&gt;
</system-out>
  </testcase>
  <testcase classname="Scenario: Test 11 - Get Particpants valid in valid not in" name="Scenario: Test 11 - Get Particpants valid in valid not in" time="0.003">
    <error message="status code was: 200, expected: 201, response time: 166, url: https://internet-cprms-uat.hpb.gov.sg:5556/IQuitParticipantService/ParticipantService.svc, response: &lt;s:Envelope xmlns:s=&quot;http://schemas.xmlsoap.org/soap/envelope/&quot;&gt;&lt;s:Body&gt;&lt;GetParticipantsResponse xmlns=&quot;http://tempuri.org/&quot;&gt;&lt;GetParticipantsResult xmlns:a=&quot;http://schemas.datacontract.org/2004/07/IQuitParticipantService&quot; xmlns:i=&quot;http://www.w3.org/2001/XMLSchema-instance&quot;&gt;&lt;a:StatusCode&gt;502&lt;/a:StatusCode&gt;&lt;a:StatusMessage&gt; Invalid referenceIds:d9d72c72-3fc0-45f4-9c74-14be8ecea897, d9d72c72-3fc0-9999-9999-14be8ecea897;&lt;/a:StatusMessage&gt;&lt;a:lstParticipantData i:nil=&quot;true&quot;/&gt;&lt;/GetParticipantsResult&gt;&lt;/GetParticipantsResponse&gt;&lt;/s:Body&gt;&lt;/s:Envelope&gt;" type="com.intuit.karate.exception.KarateException">com.intuit.karate.exception.KarateException: status code was: 200, expected: 201, response time: 166, url: https://internet-cprms-uat.hpb.gov.sg:5556/IQuitParticipantService/ParticipantService.svc, response: &lt;s:Envelope xmlns:s=&quot;http://schemas.xmlsoap.org/soap/envelope/&quot;&gt;&lt;s:Body&gt;&lt;GetParticipantsResponse xmlns=&quot;http://tempuri.org/&quot;&gt;&lt;GetParticipantsResult xmlns:a=&quot;http://schemas.datacontract.org/2004/07/IQuitParticipantService&quot; xmlns:i=&quot;http://www.w3.org/2001/XMLSchema-instance&quot;&gt;&lt;a:StatusCode&gt;502&lt;/a:StatusCode&gt;&lt;a:StatusMessage&gt; Invalid referenceIds:d9d72c72-3fc0-45f4-9c74-14be8ecea897, d9d72c72-3fc0-9999-9999-14be8ecea897;&lt;/a:StatusMessage&gt;&lt;a:lstParticipantData i:nil=&quot;true&quot;/&gt;&lt;/GetParticipantsResult&gt;&lt;/GetParticipantsResponse&gt;&lt;/s:Body&gt;&lt;/s:Envelope&gt;
	at com.intuit.karate.StepDefs.status(StepDefs.java:491)
	at ✽.Then status 201(C:\Users\Jeffrey\Documents\GitHub\cprmsiquit\target\test-classes\sg\gov\hpb\cprms\iquit\users.feature:229)
</error>
  </testcase>
</testsuite>